Flow report for Sines_topde2_quartus
Tue Feb 04 20:34:36 2020
Quartus Prime Version 17.0.0 Build 595 04/25/2017 SJ Lite Edition


---------------------
; Table of Contents ;
---------------------
  1. Legal Notice
  2. Flow Summary
  3. Flow Settings
  4. Flow Non-Default Global Settings
  5. Flow Elapsed Time
  6. Flow OS Summary
  7. Flow Log
  8. Flow Messages
  9. Flow Suppressed Messages



----------------
; Legal Notice ;
----------------
Copyright (C) 2017  Intel Corporation. All rights reserved.
Your use of Intel Corporation's design tools, logic functions 
and other software and tools, and its AMPP partner logic 
functions, and any output files from any of the foregoing 
(including device programming or simulation files), and any 
associated documentation or information are expressly subject 
to the terms and conditions of the Intel Program License 
Subscription Agreement, the Intel Quartus Prime License Agreement,
the Intel MegaCore Function License Agreement, or other 
applicable license agreement, including, without limitation, 
that your use is for the sole purpose of programming logic 
devices manufactured by Intel and sold by Intel or its 
authorized distributors.  Please refer to the applicable 
agreement for further details.



+----------------------------------------------------------------------------------+
; Flow Summary                                                                     ;
+------------------------------------+---------------------------------------------+
; Flow Status                        ; Successful - Tue Feb 04 20:34:36 2020       ;
; Quartus Prime Version              ; 17.0.0 Build 595 04/25/2017 SJ Lite Edition ;
; Revision Name                      ; Sines_topde2_quartus                        ;
; Top-level Entity Name              ; Sines_topde2                                ;
; Family                             ; Cyclone IV E                                ;
; Device                             ; EP4CE115F29C7                               ;
; Timing Models                      ; Final                                       ;
; Total logic elements               ; 13,544 / 114,480 ( 12 % )                   ;
;     Total combinational functions  ; 13,218 / 114,480 ( 12 % )                   ;
;     Dedicated logic registers      ; 6,648 / 114,480 ( 6 % )                     ;
; Total registers                    ; 6648                                        ;
; Total pins                         ; 100 / 529 ( 19 % )                          ;
; Total virtual pins                 ; 0                                           ;
; Total memory bits                  ; 3,620 / 3,981,312 ( < 1 % )                 ;
; Embedded Multiplier 9-bit elements ; 277 / 532 ( 52 % )                          ;
; Total PLLs                         ; 1 / 4 ( 25 % )                              ;
+------------------------------------+---------------------------------------------+


+------------------------------------------+
; Flow Settings                            ;
+-------------------+----------------------+
; Option            ; Setting              ;
+-------------------+----------------------+
; Start date & time ; 02/04/2020 20:32:51  ;
; Main task         ; Compilation          ;
; Revision Name     ; Sines_topde2_quartus ;
+-------------------+----------------------+


+----------------------------------------------------------------------------------------------------------+
; Flow Non-Default Global Settings                                                                         ;
+-----------------------+--------------------------------+----------------------+-------------+------------+
; Assignment Name       ; Value                          ; Default Value        ; Entity Name ; Section Id ;
+-----------------------+--------------------------------+----------------------+-------------+------------+
; COMPILER_SIGNATURE_ID ; 18121609262202.158084117117232 ; --                   ; --          ; --         ;
; TOP_LEVEL_ENTITY      ; Sines_topde2                   ; Sines_topde2_quartus ; --          ; --         ;
+-----------------------+--------------------------------+----------------------+-------------+------------+


+--------------------------------------------------------------------------------------------------------------------------+
; Flow Elapsed Time                                                                                                        ;
+----------------------+--------------+-------------------------+---------------------+------------------------------------+
; Module Name          ; Elapsed Time ; Average Processors Used ; Peak Virtual Memory ; Total CPU Time (on all processors) ;
+----------------------+--------------+-------------------------+---------------------+------------------------------------+
; Analysis & Synthesis ; 00:00:50     ; 1.0                     ; 5060 MB             ; 00:00:53                           ;
; Fitter               ; 00:00:50     ; 1.1                     ; 5996 MB             ; 00:01:15                           ;
; Total                ; 00:01:40     ; --                      ; --                  ; 00:02:08                           ;
+----------------------+--------------+-------------------------+---------------------+------------------------------------+


+------------------------------------------------------------------------------------+
; Flow OS Summary                                                                    ;
+----------------------+------------------+------------+------------+----------------+
; Module Name          ; Machine Hostname ; OS Name    ; OS Version ; Processor type ;
+----------------------+------------------+------------+------------+----------------+
; Analysis & Synthesis ; DESKTOP-BP2D6TQ  ; Windows 10 ; 10.0       ; x86_64         ;
; Fitter               ; DESKTOP-BP2D6TQ  ; Windows 10 ; 10.0       ; x86_64         ;
+----------------------+------------------+------------+------------+----------------+


------------
; Flow Log ;
------------
quartus_map --read_settings_files=on --write_settings_files=off Sines_topde2_quartus -c Sines_topde2_quartus
quartus_fit --read_settings_files=on --write_settings_files=off Sines_topde2_quartus -c Sines_topde2_quartus



