Task "Program Target Device" successful.
Generated logfile: 
Info: *******************************************************************
Info: Running Quartus Prime Programmer
    Info: Version 17.0.0 Build 595 04/25/2017 SJ Lite Edition
    Info: Copyright (C) 2017  Intel Corporation. All rights reserved.
    Info: Your use of Intel Corporation's design tools, logic functions 
    Info: and other software and tools, and its AMPP partner logic 
    Info: functions, and any output files from any of the foregoing 
    Info: (including device programming or simulation files), and any 
    Info: associated documentation or information are expressly subject 
    Info: to the terms and conditions of the Intel Program License 
    Info: Subscription Agreement, the Intel Quartus Prime License Agreement,
    Info: the Intel MegaCore Function License Agreement, or other 
    Info: applicable license agreement, including, without limitation, 
    Info: that your use is for the sole purpose of programming logic 
    Info: devices manufactured by Intel and sold by Intel or its 
    Info: authorized distributors.  Please refer to the applicable 
    Info: agreement for further details.
    Info: Processing started: Fri Jan 17 22:41:23 2020
Info: Command: quartus_pgm -m JTAG -o p;Sines_topde2_quartus.sof@1
Info (213045): Using programming cable "USB-Blaster [USB-0]"
Info (213011): Using programming file Sines_topde2_quartus.sof with checksum 0x00D7C92B for device EP4CE115F29@1
Info (209060): Started Programmer operation at Fri Jan 17 22:41:24 2020
Info (209016): Configuring device index 1
Info (209017): Device 1 contains JTAG ID code 0x020F70DD
Info (209007): Configuration succeeded -- 1 device(s) configured
Info (209011): Successfully performed operation(s)
Info (209061): Ended Programmer operation at Fri Jan 17 22:41:31 2020
Info: Quartus Prime Programmer was successful. 0 errors, 0 warnings
    Info: Peak virtual memory: 4450 megabytes
    Info: Processing ended: Fri Jan 17 22:41:31 2020
    Info: Elapsed time: 00:00:08
    Info: Total CPU time (on all processors): 00:00:01
