Task "Create Project" successful.
Generated logfile: 
Info: *******************************************************************
Info: Running Quartus Prime TimeQuest Timing Analyzer
    Info: Version 17.0.0 Build 595 04/25/2017 SJ Lite Edition
    Info: Copyright (C) 2017  Intel Corporation. All rights reserved.
    Info: Your use of Intel Corporation's design tools, logic functions 
    Info: and other software and tools, and its AMPP partner logic 
    Info: functions, and any output files from any of the foregoing 
    Info: (including device programming or simulation files), and any 
    Info: associated documentation or information are expressly subject 
    Info: to the terms and conditions of the Intel Program License 
    Info: Subscription Agreement, the Intel Quartus Prime License Agreement,
    Info: the Intel MegaCore Function License Agreement, or other 
    Info: applicable license agreement, including, without limitation, 
    Info: that your use is for the sole purpose of programming logic 
    Info: devices manufactured by Intel and sold by Intel or its 
    Info: authorized distributors.  Please refer to the applicable 
    Info: agreement for further details.
    Info: Processing started: Tue Feb 04 20:32:41 2020
Info: Command: quartus_sta -t Sines_topde2_Altera_QUARTUS_II_run.tcl
### Open existing Altera QUARTUS II 17.0.0 project <a href="matlab:downstream.handle('Model','ThreeSines_DrSaher').openTargetTool;">hdl_prj\quartus_prj\Sines_topde2_quartus.qpf</a>
### Set Altera QUARTUS II 17.0.0 project properties
### Update Altera QUARTUS II 17.0.0 project with HDL source files
### Close Altera QUARTUS II 17.0.0 project.
Info (23030): Evaluation of Tcl script Sines_topde2_Altera_QUARTUS_II_run.tcl was successful
Info: Quartus Prime TimeQuest Timing Analyzer was successful. 0 errors, 0 warnings
    Info: Peak virtual memory: 4616 megabytes
    Info: Processing ended: Tue Feb 04 20:32:42 2020
    Info: Elapsed time: 00:00:01
    Info: Total CPU time (on all processors): 00:00:00

Elapsed time is 1.1226 seconds.
