22:49:49 **** Build of configuration Nios II for project Nios_File_Streaming ****
make all 
Info: Building ../Nios_File_Streaming_bsp/
F:/Quartus_18/nios2eds/bin/gnu/H-x86_64-mingw32/bin/make --no-print-directory -C ../Nios_File_Streaming_bsp/
[BSP build complete]
Info: Compiling main.c to obj/default/main.o
nios2-elf-gcc -xc -MP -MMD -c -I../Nios_File_Streaming_bsp//HAL/inc -I../Nios_File_Streaming_bsp/ -I../Nios_File_Streaming_bsp//drivers/inc  -pipe -D__hal__ -DALT_NO_INSTRUCTION_EMULATION -DALT_SINGLE_THREADED    -O0 -g -Wall   -mno-hw-div -mhw-mul -mno-hw-mulx -mgpopt=global  -o obj/default/main.o main.c
Info: Linking Nios_File_Streaming.elf
nios2-elf-g++  -T'../Nios_File_Streaming_bsp//linker.x' -msys-crt0='../Nios_File_Streaming_bsp//obj/HAL/src/crt0.o' -msys-lib=hal_bsp -L../Nios_File_Streaming_bsp/   -Wl,-Map=Nios_File_Streaming.map   -O0 -g -Wall   -mno-hw-div -mhw-mul -mno-hw-mulx -mgpopt=global  -o Nios_File_Streaming.elf obj/default/main.o -lm -msys-lib=m
nios2-elf-insert Nios_File_Streaming.elf --thread_model hal --cpu_name NiosII --qsys true --simulation_enabled false --id 0 --sidp 0x2430c0 --timestamp 1613240005 --stderr_dev JTAG --stdin_dev JTAG --stdout_dev JTAG --sopc_system_name NiosII_Controlled_Section --quartus_project_dir "E:/LearningC++/Harmonic_Injection/Harmonic-Injection/Three_Phase_Power_Analyzer" --jdi ../..//output_files/Top.jdi --sopcinfo E:/LearningC++/Harmonic_Injection/Harmonic-Injection/Three_Phase_Power_Analyzer/Software/Nios_File_Streaming_bsp/../../NiosII_Controlled_Section.sopcinfo
Info: (Nios_File_Streaming.elf) 75 KBytes program size (code + initialized data).
Info:                           15 KBytes free for stack + heap.
Info: Creating Nios_File_Streaming.objdump
nios2-elf-objdump --disassemble --syms --all-header --source Nios_File_Streaming.elf >Nios_File_Streaming.objdump
[Nios_File_Streaming build complete]
22:50:02 **** Build of configuration Nios II for project Nios_File_Streaming ****
make all 
Info: Building ../Nios_File_Streaming_bsp/
F:/Quartus_18/nios2eds/bin/gnu/H-x86_64-mingw32/bin/make --no-print-directory -C ../Nios_File_Streaming_bsp/
[BSP build complete]
[Nios_File_Streaming build complete]
22:50:03 **** Incremental Build of configuration Nios II for project Nios_File_Streaming ****
make all 
Info: Building ../Nios_File_Streaming_bsp/
F:/Quartus_18/nios2eds/bin/gnu/H-x86_64-mingw32/bin/make --no-print-directory -C ../Nios_File_Streaming_bsp/
[BSP build complete]
[Nios_File_Streaming build complete]
