Info: Starting: Create simulation model
Info: qsys-generate E:\LearningC++\Harmonic_Injection\Harmonic-Injection\Three_Phase_Power_Analyzer\NiosII_Controlled_Section.qsys --simulation=VERILOG --allow-mixed-language-simulation --output-directory=E:\LearningC++\Harmonic_Injection\Harmonic-Injection\Three_Phase_Power_Analyzer\NiosII_Controlled_Section\simulation --family="Cyclone V" --part=5CSEMA5F31C6
Progress: Loading Three_Phase_Power_Analyzer/NiosII_Controlled_Section.qsys
Progress: Reading input file
Progress: Adding Alpha_Blender [altera_up_avalon_video_alpha_blender 18.0]
Progress: Parameterizing module Alpha_Blender
Progress: Adding Channel1_Analog [altera_avalon_pio 18.0]
Progress: Parameterizing module Channel1_Analog
Progress: Adding Channel2_Analog [altera_avalon_pio 18.0]
Progress: Parameterizing module Channel2_Analog
Progress: Adding Channel3_Analog [altera_avalon_pio 18.0]
Progress: Parameterizing module Channel3_Analog
Progress: Adding Channel4_Analog [altera_avalon_pio 18.0]
Progress: Parameterizing module Channel4_Analog
Progress: Adding Channel5_Analog [altera_avalon_pio 18.0]
Progress: Parameterizing module Channel5_Analog
Progress: Adding Channel6_Analog [altera_avalon_pio 18.0]
Progress: Parameterizing module Channel6_Analog
Progress: Adding Character_Buffer [altera_up_avalon_video_character_buffer_with_dma 18.0]
Progress: Parameterizing module Character_Buffer
Progress: Adding FIFO [altera_up_avalon_video_dual_clock_buffer 18.0]
Progress: Parameterizing module FIFO
Progress: Adding JTAG [altera_avalon_jtag_uart 18.0]
Progress: Parameterizing module JTAG
Progress: Adding NiosII [altera_nios2_gen2 18.0]
Progress: Parameterizing module NiosII
Progress: Adding OnChip_Memory [altera_avalon_onchip_memory2 18.0]
Progress: Parameterizing module OnChip_Memory
Progress: Adding Pixel_Buffer [altera_up_avalon_video_pixel_buffer_dma 18.0]
Progress: Parameterizing module Pixel_Buffer
Progress: Adding RGB_Resampler [altera_up_avalon_video_rgb_resampler 18.0]
Progress: Parameterizing module RGB_Resampler
Progress: Adding Read_Address [altera_avalon_pio 18.0]
Progress: Parameterizing module Read_Address
Progress: Adding Read_New_Sample [altera_avalon_pio 18.0]
Progress: Parameterizing module Read_New_Sample
Progress: Adding SRAM [altera_up_avalon_sram 18.0]
Progress: Parameterizing module SRAM
Progress: Adding System_ID [altera_avalon_sysid_qsys 18.0]
Progress: Parameterizing module System_ID
Progress: Adding Timer [altera_avalon_timer 18.0]
Progress: Parameterizing module Timer
Progress: Adding VGA_Controller [altera_up_avalon_video_vga_controller 18.0]
Progress: Parameterizing module VGA_Controller
Progress: Adding VGA_PLL [altera_up_avalon_video_pll 18.0]
Progress: Parameterizing module VGA_PLL
Progress: Adding Writing_Finish_Flag [altera_avalon_pio 18.0]
Progress: Parameterizing module Writing_Finish_Flag
Progress: Adding clk_0 [clock_source 18.0]
Progress: Parameterizing module clk_0
Progress: Building connections
Progress: Parameterizing connections
Progress: Validating
Progress: Done reading input file
Info: NiosII_Controlled_Section.Channel1_Analog: PIO inputs are not hardwired in test bench. Undefined values will be read from PIO inputs during simulation.
Info: NiosII_Controlled_Section.Channel2_Analog: PIO inputs are not hardwired in test bench. Undefined values will be read from PIO inputs during simulation.
Info: NiosII_Controlled_Section.Channel3_Analog: PIO inputs are not hardwired in test bench. Undefined values will be read from PIO inputs during simulation.
Info: NiosII_Controlled_Section.Channel4_Analog: PIO inputs are not hardwired in test bench. Undefined values will be read from PIO inputs during simulation.
Info: NiosII_Controlled_Section.Channel5_Analog: PIO inputs are not hardwired in test bench. Undefined values will be read from PIO inputs during simulation.
Info: NiosII_Controlled_Section.Channel6_Analog: PIO inputs are not hardwired in test bench. Undefined values will be read from PIO inputs during simulation.
Info: NiosII_Controlled_Section.Character_Buffer: Character Resolution: 80 x 60
Info: NiosII_Controlled_Section.JTAG: JTAG UART IP input clock need to be at least double (2x) the operating frequency of JTAG TCK on board
Info: NiosII_Controlled_Section.RGB_Resampler: RGB Resampling: 8 (bits) x 3 (planes) -> 10 (bits) x 3 (planes)
Info: NiosII_Controlled_Section.Read_New_Sample: PIO inputs are not hardwired in test bench. Undefined values will be read from PIO inputs during simulation.
Info: NiosII_Controlled_Section.System_ID: System ID is not assigned automatically. Edit the System ID parameter to provide a unique ID
Info: NiosII_Controlled_Section.System_ID: Time stamp will be automatically updated when this component is generated.
Info: NiosII_Controlled_Section.VGA_Controller: Video Output Stream: Format: 640 x 480 with Color: 10 (bits) x 3 (planes) converted to 8 (bits) per color plane
Info: NiosII_Controlled_Section.Writing_Finish_Flag: PIO inputs are not hardwired in test bench. Undefined values will be read from PIO inputs during simulation.
Warning: NiosII_Controlled_Section.RGB_Resampler: RGB_Resampler.avalon_rgb_slave must be connected to an Avalon-MM master
Info: NiosII_Controlled_Section: Generating NiosII_Controlled_Section "NiosII_Controlled_Section" for SIM_VERILOG
Info: Alpha_Blender: Starting Generation of the Alpha Blender
Info: Alpha_Blender: "NiosII_Controlled_Section" instantiated altera_up_avalon_video_alpha_blender "Alpha_Blender"
Info: Channel1_Analog: Starting RTL generation for module 'NiosII_Controlled_Section_Channel1_Analog'
Info: Channel1_Analog:   Generation command is [exec F:/quartus_18/quartus/bin64/perl/bin/perl.exe -I F:/quartus_18/quartus/bin64/perl/lib -I F:/quartus_18/quartus/sopc_builder/bin/europa -I F:/quartus_18/quartus/sopc_builder/bin/perl_lib -I F:/quartus_18/quartus/sopc_builder/bin -I F:/quartus_18/quartus/../ip/altera/sopc_builder_ip/common -I F:/quartus_18/quartus/../ip/altera/sopc_builder_ip/altera_avalon_pio -- F:/quartus_18/quartus/../ip/altera/sopc_builder_ip/altera_avalon_pio/generate_rtl.pl --name=NiosII_Controlled_Section_Channel1_Analog --dir=C:/Users/aaala/AppData/Local/Temp/alt8671_3673200126157808783.dir/0003_Channel1_Analog_gen/ --quartus_dir=F:/quartus_18/quartus --verilog --config=C:/Users/aaala/AppData/Local/Temp/alt8671_3673200126157808783.dir/0003_Channel1_Analog_gen//NiosII_Controlled_Section_Channel1_Analog_component_configuration.pl  --do_build_sim=1    --sim_dir=C:/Users/aaala/AppData/Local/Temp/alt8671_3673200126157808783.dir/0003_Channel1_Analog_gen/  ]
Info: Channel1_Analog: Done RTL generation for module 'NiosII_Controlled_Section_Channel1_Analog'
Info: Channel1_Analog: "NiosII_Controlled_Section" instantiated altera_avalon_pio "Channel1_Analog"
Info: Character_Buffer: Starting Generation of Character Buffer
Info: Character_Buffer: "NiosII_Controlled_Section" instantiated altera_up_avalon_video_character_buffer_with_dma "Character_Buffer"
Info: FIFO: Starting Generation of the Dual Clock Buffer
Info: FIFO: "NiosII_Controlled_Section" instantiated altera_up_avalon_video_dual_clock_buffer "FIFO"
Info: JTAG: Starting RTL generation for module 'NiosII_Controlled_Section_JTAG'
Info: JTAG:   Generation command is [exec F:/quartus_18/quartus/bin64/perl/bin/perl.exe -I F:/quartus_18/quartus/bin64/perl/lib -I F:/quartus_18/quartus/sopc_builder/bin/europa -I F:/quartus_18/quartus/sopc_builder/bin/perl_lib -I F:/quartus_18/quartus/sopc_builder/bin -I F:/quartus_18/quartus/../ip/altera/sopc_builder_ip/common -I F:/quartus_18/quartus/../ip/altera/sopc_builder_ip/altera_avalon_jtag_uart -- F:/quartus_18/quartus/../ip/altera/sopc_builder_ip/altera_avalon_jtag_uart/generate_rtl.pl --name=NiosII_Controlled_Section_JTAG --dir=C:/Users/aaala/AppData/Local/Temp/alt8671_3673200126157808783.dir/0006_JTAG_gen/ --quartus_dir=F:/quartus_18/quartus --verilog --config=C:/Users/aaala/AppData/Local/Temp/alt8671_3673200126157808783.dir/0006_JTAG_gen//NiosII_Controlled_Section_JTAG_component_configuration.pl  --do_build_sim=1    --sim_dir=C:/Users/aaala/AppData/Local/Temp/alt8671_3673200126157808783.dir/0006_JTAG_gen/  ]
Info: JTAG: Done RTL generation for module 'NiosII_Controlled_Section_JTAG'
Info: JTAG: "NiosII_Controlled_Section" instantiated altera_avalon_jtag_uart "JTAG"
Info: NiosII: "NiosII_Controlled_Section" instantiated altera_nios2_gen2 "NiosII"
Info: OnChip_Memory: Starting RTL generation for module 'NiosII_Controlled_Section_OnChip_Memory'
Info: OnChip_Memory:   Generation command is [exec F:/quartus_18/quartus/bin64/perl/bin/perl.exe -I F:/quartus_18/quartus/bin64/perl/lib -I F:/quartus_18/quartus/sopc_builder/bin/europa -I F:/quartus_18/quartus/sopc_builder/bin/perl_lib -I F:/quartus_18/quartus/sopc_builder/bin -I F:/quartus_18/quartus/../ip/altera/sopc_builder_ip/common -I F:/quartus_18/quartus/../ip/altera/sopc_builder_ip/altera_avalon_onchip_memory2 -- F:/quartus_18/quartus/../ip/altera/sopc_builder_ip/altera_avalon_onchip_memory2/generate_rtl.pl --name=NiosII_Controlled_Section_OnChip_Memory --dir=C:/Users/aaala/AppData/Local/Temp/alt8671_3673200126157808783.dir/0007_OnChip_Memory_gen/ --quartus_dir=F:/quartus_18/quartus --verilog --config=C:/Users/aaala/AppData/Local/Temp/alt8671_3673200126157808783.dir/0007_OnChip_Memory_gen//NiosII_Controlled_Section_OnChip_Memory_component_configuration.pl  --do_build_sim=1    --sim_dir=C:/Users/aaala/AppData/Local/Temp/alt8671_3673200126157808783.dir/0007_OnChip_Memory_gen/  ]
Info: OnChip_Memory: Done RTL generation for module 'NiosII_Controlled_Section_OnChip_Memory'
Info: OnChip_Memory: "NiosII_Controlled_Section" instantiated altera_avalon_onchip_memory2 "OnChip_Memory"
Info: Pixel_Buffer: Starting Generation of VGA Pixel Buffer
Info: Pixel_Buffer: "NiosII_Controlled_Section" instantiated altera_up_avalon_video_pixel_buffer_dma "Pixel_Buffer"
Info: RGB_Resampler: Starting Generation of Video RGB Resampler
Info: RGB_Resampler: "NiosII_Controlled_Section" instantiated altera_up_avalon_video_rgb_resampler "RGB_Resampler"
Info: Read_Address: Starting RTL generation for module 'NiosII_Controlled_Section_Read_Address'
Info: Read_Address:   Generation command is [exec F:/quartus_18/quartus/bin64/perl/bin/perl.exe -I F:/quartus_18/quartus/bin64/perl/lib -I F:/quartus_18/quartus/sopc_builder/bin/europa -I F:/quartus_18/quartus/sopc_builder/bin/perl_lib -I F:/quartus_18/quartus/sopc_builder/bin -I F:/quartus_18/quartus/../ip/altera/sopc_builder_ip/common -I F:/quartus_18/quartus/../ip/altera/sopc_builder_ip/altera_avalon_pio -- F:/quartus_18/quartus/../ip/altera/sopc_builder_ip/altera_avalon_pio/generate_rtl.pl --name=NiosII_Controlled_Section_Read_Address --dir=C:/Users/aaala/AppData/Local/Temp/alt8671_3673200126157808783.dir/0010_Read_Address_gen/ --quartus_dir=F:/quartus_18/quartus --verilog --config=C:/Users/aaala/AppData/Local/Temp/alt8671_3673200126157808783.dir/0010_Read_Address_gen//NiosII_Controlled_Section_Read_Address_component_configuration.pl  --do_build_sim=1    --sim_dir=C:/Users/aaala/AppData/Local/Temp/alt8671_3673200126157808783.dir/0010_Read_Address_gen/  ]
Info: Read_Address: Done RTL generation for module 'NiosII_Controlled_Section_Read_Address'
Info: Read_Address: "NiosII_Controlled_Section" instantiated altera_avalon_pio "Read_Address"
Info: Read_New_Sample: Starting RTL generation for module 'NiosII_Controlled_Section_Read_New_Sample'
Info: Read_New_Sample:   Generation command is [exec F:/quartus_18/quartus/bin64/perl/bin/perl.exe -I F:/quartus_18/quartus/bin64/perl/lib -I F:/quartus_18/quartus/sopc_builder/bin/europa -I F:/quartus_18/quartus/sopc_builder/bin/perl_lib -I F:/quartus_18/quartus/sopc_builder/bin -I F:/quartus_18/quartus/../ip/altera/sopc_builder_ip/common -I F:/quartus_18/quartus/../ip/altera/sopc_builder_ip/altera_avalon_pio -- F:/quartus_18/quartus/../ip/altera/sopc_builder_ip/altera_avalon_pio/generate_rtl.pl --name=NiosII_Controlled_Section_Read_New_Sample --dir=C:/Users/aaala/AppData/Local/Temp/alt8671_3673200126157808783.dir/0011_Read_New_Sample_gen/ --quartus_dir=F:/quartus_18/quartus --verilog --config=C:/Users/aaala/AppData/Local/Temp/alt8671_3673200126157808783.dir/0011_Read_New_Sample_gen//NiosII_Controlled_Section_Read_New_Sample_component_configuration.pl  --do_build_sim=1    --sim_dir=C:/Users/aaala/AppData/Local/Temp/alt8671_3673200126157808783.dir/0011_Read_New_Sample_gen/  ]
Info: Read_New_Sample: Done RTL generation for module 'NiosII_Controlled_Section_Read_New_Sample'
Info: Read_New_Sample: "NiosII_Controlled_Section" instantiated altera_avalon_pio "Read_New_Sample"
Info: SRAM: Starting Generation of the SRAM Controller
Info: SRAM: "NiosII_Controlled_Section" instantiated altera_up_avalon_sram "SRAM"
Info: System_ID: "NiosII_Controlled_Section" instantiated altera_avalon_sysid_qsys "System_ID"
Info: Timer: Starting RTL generation for module 'NiosII_Controlled_Section_Timer'
Info: Timer:   Generation command is [exec F:/Quartus_18/quartus/bin64//perl/bin/perl.exe -I F:/Quartus_18/quartus/bin64//perl/lib -I F:/quartus_18/quartus/sopc_builder/bin/europa -I F:/quartus_18/quartus/sopc_builder/bin/perl_lib -I F:/quartus_18/quartus/sopc_builder/bin -I F:/quartus_18/quartus/../ip/altera/sopc_builder_ip/common -I F:/quartus_18/quartus/../ip/altera/sopc_builder_ip/altera_avalon_timer -- F:/quartus_18/quartus/../ip/altera/sopc_builder_ip/altera_avalon_timer/generate_rtl.pl --name=NiosII_Controlled_Section_Timer --dir=C:/Users/aaala/AppData/Local/Temp/alt8671_3673200126157808783.dir/0014_Timer_gen/ --quartus_dir=F:/quartus_18/quartus --verilog --config=C:/Users/aaala/AppData/Local/Temp/alt8671_3673200126157808783.dir/0014_Timer_gen//NiosII_Controlled_Section_Timer_component_configuration.pl  --do_build_sim=1    --sim_dir=C:/Users/aaala/AppData/Local/Temp/alt8671_3673200126157808783.dir/0014_Timer_gen/  ]
Info: Timer: Done RTL generation for module 'NiosII_Controlled_Section_Timer'
Info: Timer: "NiosII_Controlled_Section" instantiated altera_avalon_timer "Timer"
Info: VGA_Controller: Starting Generation of VGA Controller
Info: VGA_Controller: "NiosII_Controlled_Section" instantiated altera_up_avalon_video_vga_controller "VGA_Controller"
Info: VGA_PLL: "NiosII_Controlled_Section" instantiated altera_up_avalon_video_pll "VGA_PLL"
Info: avalon_st_adapter: Inserting error_adapter: error_adapter_0
Info: avalon_st_adapter_001: Inserting error_adapter: error_adapter_0
Info: avalon_st_adapter_002: Inserting error_adapter: error_adapter_0
Info: avalon_st_adapter_003: Inserting error_adapter: error_adapter_0
Info: avalon_st_adapter_004: Inserting error_adapter: error_adapter_0
Info: avalon_st_adapter_005: Inserting error_adapter: error_adapter_0
Info: avalon_st_adapter_006: Inserting error_adapter: error_adapter_0
Info: avalon_st_adapter_007: Inserting error_adapter: error_adapter_0
Info: avalon_st_adapter_008: Inserting error_adapter: error_adapter_0
Info: avalon_st_adapter_009: Inserting error_adapter: error_adapter_0
Info: avalon_st_adapter_010: Inserting error_adapter: error_adapter_0
Info: avalon_st_adapter_011: Inserting error_adapter: error_adapter_0
Info: avalon_st_adapter_012: Inserting error_adapter: error_adapter_0
Info: avalon_st_adapter_013: Inserting error_adapter: error_adapter_0
Info: avalon_st_adapter_014: Inserting error_adapter: error_adapter_0
Info: avalon_st_adapter_015: Inserting error_adapter: error_adapter_0
Info: avalon_st_adapter_016: Inserting error_adapter: error_adapter_0
Info: avalon_st_adapter_017: Inserting error_adapter: error_adapter_0
Info: mm_interconnect_0: "NiosII_Controlled_Section" instantiated altera_mm_interconnect "mm_interconnect_0"
Info: irq_mapper: "NiosII_Controlled_Section" instantiated altera_irq_mapper "irq_mapper"
Info: rst_controller: "NiosII_Controlled_Section" instantiated altera_reset_controller "rst_controller"
Info: cpu: Starting RTL generation for module 'NiosII_Controlled_Section_NiosII_cpu'
Info: cpu:   Generation command is [exec F:/Quartus_18/quartus/bin64//eperlcmd.exe -I F:/Quartus_18/quartus/bin64//perl/lib -I F:/quartus_18/quartus/sopc_builder/bin/europa -I F:/quartus_18/quartus/sopc_builder/bin/perl_lib -I F:/quartus_18/quartus/sopc_builder/bin -I F:/quartus_18/quartus/../ip/altera/nios2_ip/altera_nios2_gen2/cpu_lib -I F:/quartus_18/quartus/../ip/altera/nios2_ip/altera_nios2_gen2/nios_lib -I F:/quartus_18/quartus/../ip/altera/nios2_ip/altera_nios2_gen2 -I F:/quartus_18/quartus/../ip/altera/nios2_ip/altera_nios2_gen2 -- F:/quartus_18/quartus/../ip/altera/nios2_ip/altera_nios2_gen2/generate_rtl.epl --name=NiosII_Controlled_Section_NiosII_cpu --dir=C:/Users/aaala/AppData/Local/Temp/alt8671_3673200126157808783.dir/0018_cpu_gen/ --quartus_bindir=F:/Quartus_18/quartus/bin64/ --verilog --config=C:/Users/aaala/AppData/Local/Temp/alt8671_3673200126157808783.dir/0018_cpu_gen//NiosII_Controlled_Section_NiosII_cpu_processor_configuration.pl  --do_build_sim=1    --sim_dir=C:/Users/aaala/AppData/Local/Temp/alt8671_3673200126157808783.dir/0018_cpu_gen/  ]
Info: cpu: # 2021.02.13 19:53:19 (*) Starting Nios II generation
Info: cpu: # 2021.02.13 19:53:19 (*)   Checking for plaintext license.
Info: cpu: # 2021.02.13 19:53:19 (*)   Couldn't query license setup in Quartus directory F:/Quartus_18/quartus/bin64/
Info: cpu: # 2021.02.13 19:53:19 (*)   Defaulting to contents of LM_LICENSE_FILE environment variable
Info: cpu: # 2021.02.13 19:53:19 (*)   LM_LICENSE_FILE environment variable is empty
Info: cpu: # 2021.02.13 19:53:19 (*)   Plaintext license not found.
Info: cpu: # 2021.02.13 19:53:19 (*)   Checking for encrypted license (non-evaluation).
Info: cpu: # 2021.02.13 19:53:20 (*)   Couldn't query license setup in Quartus directory F:/Quartus_18/quartus/bin64/
Info: cpu: # 2021.02.13 19:53:20 (*)   Defaulting to contents of LM_LICENSE_FILE environment variable
Info: cpu: # 2021.02.13 19:53:20 (*)   LM_LICENSE_FILE environment variable is empty
Info: cpu: # 2021.02.13 19:53:20 (*)   Encrypted license not found.  Defaulting to OCP evaluation license (produces a time-limited SOF)
Info: cpu: # 2021.02.13 19:53:20 (*)   Elaborating CPU configuration settings
Info: cpu: # 2021.02.13 19:53:20 (*)   Creating all objects for CPU
Info: cpu: # 2021.02.13 19:53:20 (*)     Testbench
Info: cpu: # 2021.02.13 19:53:20 (*)     Instruction decoding
Info: cpu: # 2021.02.13 19:53:20 (*)       Instruction fields
Info: cpu: # 2021.02.13 19:53:20 (*)       Instruction decodes
Info: cpu: # 2021.02.13 19:53:20 (*)       Signals for RTL simulation waveforms
Info: cpu: # 2021.02.13 19:53:20 (*)       Instruction controls
Info: cpu: # 2021.02.13 19:53:20 (*)     Pipeline frontend
Info: cpu: # 2021.02.13 19:53:21 (*)     Pipeline backend
Info: cpu: # 2021.02.13 19:53:23 (*)   Creating 'C:/Users/aaala/AppData/Local/Temp/alt8671_3673200126157808783.dir/0018_cpu_gen//NiosII_Controlled_Section_NiosII_cpu_nios2_waves.do'
Info: cpu: # 2021.02.13 19:53:23 (*)   Generating RTL from CPU objects
Info: cpu: # 2021.02.13 19:53:25 (*)   Creating encrypted RTL
Info: cpu: # 2021.02.13 19:53:25 (*)   Creating IP functional simulation model
Info: cpu: # 2021.02.13 19:53:39 (*) Done Nios II generation
Info: cpu: Done RTL generation for module 'NiosII_Controlled_Section_NiosII_cpu'
Info: cpu: "NiosII" instantiated altera_nios2_gen2_unit "cpu"
Info: video_pll: Generating simgen model
Info: video_pll: Info: ******************************************************************* Info: Running Quartus Prime Shell     Info: Version 18.0.0 Build 614 04/24/2018 SJ Lite Edition     Info: Copyright (C) 2018  Intel Corporation. All rights reserved.     Info: Your use of Intel Corporation's design tools, logic functions      Info: and other software and tools, and its AMPP partner logic      Info: functions, and any output files from any of the foregoing      Info: (including device programming or simulation files), and any      Info: associated documentation or information are expressly subject      Info: to the terms and conditions of the Intel Program License      Info: Subscription Agreement, the Intel Quartus Prime License Agreement,     Info: the Intel FPGA IP License Agreement, or other applicable license     Info: agreement, including, without limitation, that your use is for     Info: the sole purpose of programming logic devices manufactured by     Info: Intel and sold by Intel or its authorized distributors.  Please     Info: refer to the applicable agreement for further details.     Info: Processing started: Sat Feb 13 19:53:40 2021 Info: Command: quartus_sh -t run_simgen_cmd.tcl Info: ******************************************************************* Info: Running Quartus Prime Analysis & Synthesis     Info: Version 18.0.0 Build 614 04/24/2018 SJ Lite Edition     Info: Copyright (C) 2018  Intel Corporation. All rights reserved.     Info: Your use of Intel Corporation's design tools, logic functions      Info: and other software and tools, and its AMPP partner logic      Info: functions, and any output files from any of the foregoing      Info: (including device programming or simulation files), and any      Info: associated documentation or information are expressly subject      Info: to the terms and conditions of the Intel Program License      Info: Subscription Agreement, the Intel Quartus Prime License Agreement,     Info: the Intel FPGA IP License Agreement, or other applicable license     Info: agreement, including, without limitation, that your use is for     Info: the sole purpose of programming logic devices manufactured by     Info: Intel and sold by Intel or its authorized distributors.  Please     Info: refer to the applicable agreement for further details.     Info: Processing started: Sat Feb 13 19:53:40 2021 Info: Command: quartus_map NiosII_Controlled_Section_VGA_PLL_video_pll.qpf --simgen --ini=disable_check_quartus_compatibility_qsys_only=on --simgen_parameter=CBX_HDL_LANGUAGE=VERILOG Info (20034): Auto device selection is not supported for Cyclone V device family. The default device, 5CGXFC7C7F23C8, is set. Warning (18236): Number of processors has not been specified which may cause overloading on shared machines.  Set the global assignment NUM_PARALLEL_PROCESSORS in your QSF to an appropriate value for best performance. Info (20030): Parallel compilation is enabled and will use 4 of the 4 processors detected Info (12021): Found 1 design units, including 1 entities, in source file niosii_controlled_section_vga_pll_video_pll.v     Info (12023): Found entity 1: NiosII_Controlled_Section_VGA_PLL_video_pll File: C:/Users/aaala/AppData/Local/Temp/alt8671_3673200126157808783.dir/0019_video_pll_gen/NiosII_Controlled_Section_VGA_PLL_video_pll.v Line: 2 Info (12127): Elaborating entity "NiosII_Controlled_Section_VGA_PLL_video_pll" for the top level hierarchy Info (12128): Elaborating entity "altera_pll" for hierarchy "altera_pll:altera_pll_i" File: C:/Users/aaala/AppData/Local/Temp/alt8671_3673200126157808783.dir/0019_video_pll_gen/NiosII_Controlled_Section_VGA_PLL_video_pll.v Line: 91 Info (10008): Verilog HDL or VHDL information: EDA Netlist Writer cannot regroup multidimensional array "wire_to_nowhere_64" into its bus Info (12130): Elaborated megafunction instantiation "altera_pll:altera_pll_i" File: C:/Users/aaala/AppData/Local/Temp/alt8671_3673200126157808783.dir/0019_video_pll_gen/NiosII_Controlled_Section_VGA_PLL_video_pll.v Line: 91 Info (12133): Instantiated megafunction "altera_pll:altera_pll_i" with the following parameter: File: C:/Users/aaala/AppData/Local/Temp/alt8671_3673200126157808783.dir/0019_video_pll_gen/NiosII_Controlled_Section_VGA_PLL_video_pll.v Line: 91     Info (12134): Parameter "fractional_vco_multiplier" = "false"     Info (12134): Parameter "reference_clock_frequency" = "50.0 MHz"     Info (12134): Parameter "operation_mode" = "direct"     Info (12134): Parameter "number_of_clocks" = "3"     Info (12134): Parameter "output_clock_frequency0" = "25.000000 MHz"     Info (12134): Parameter "phase_shift0" = "0 ps"     Info (12134): Parameter "duty_cycle0" = "50"     Info (12134): Parameter "output_clock_frequency1" = "25.000000 MHz"     Info (12134): Parameter "phase_shift1" = "0 ps"     Info (12134): Parameter "duty_cycle1" = "50"     Info (12134): Parameter "output_clock_frequency2" = "33.000000 MHz"     Info (12134): Parameter "phase_shift2" = "0 ps"     Info (12134): Parameter "duty_cycle2" = "50"     Info (12134): Parameter "output_clock_frequency3" = "0 MHz"     Info (12134): Parameter "phase_shift3" = "0 ps"     Info (12134): Parameter "duty_cycle3" = "50"     Info (12134): Parameter "output_clock_frequency4" = "0 MHz"     Info (12134): Parameter "phase_shift4" = "0 ps"     Info (12134): Parameter "duty_cycle4" = "50"     Info (12134): Parameter "output_clock_frequency5" = "0 MHz"     Info (12134): Parameter "phase_shift5" = "0 ps"     Info (12134): Parameter "duty_cycle5" = "50"     Info (12134): Parameter "output_clock_frequency6" = "0 MHz"     Info (12134): Parameter "phase_shift6" = "0 ps"     Info (12134): Parameter "duty_cycle6" = "50"     Info (12134): Parameter "output_clock_frequency7" = "0 MHz"     Info (12134): Parameter "phase_shift7" = "0 ps"     Info (12134): Parameter "duty_cycle7" = "50"     Info (12134): Parameter "output_clock_frequency8" = "0 MHz"     Info (12134): Parameter "phase_shift8" = "0 ps"     Info (12134): Parameter "duty_cycle8" = "50"     Info (12134): Parameter "output_clock_frequency9" = "0 MHz"     Info (12134): Parameter "phase_shift9" = "0 ps"     Info (12134): Parameter "duty_cycle9" = "50"     Info (12134): Parameter "output_clock_frequency10" = "0 MHz"     Info (12134): Parameter "phase_shift10" = "0 ps"     Info (12134): Parameter "duty_cycle10" = "50"     Info (12134): Parameter "output_clock_frequency11" = "0 MHz"     Info (12134): Parameter "phase_shift11" = "0 ps"     Info (12134): Parameter "duty_cycle11" = "50"     Info (12134): Parameter "output_clock_frequency12" = "0 MHz"     Info (12134): Parameter "phase_shift12" = "0 ps"     Info (12134): Parameter "duty_cycle12" = "50"     Info (12134): Parameter "output_clock_frequency13" = "0 MHz"     Info (12134): Parameter "phase_shift13" = "0 ps"     Info (12134): Parameter "duty_cycle13" = "50"     Info (12134): Parameter "output_clock_frequency14" = "0 MHz"     Info (12134): Parameter "phase_shift14" = "0 ps"     Info (12134): Parameter "duty_cycle14" = "50"     Info (12134): Parameter "output_clock_frequency15" = "0 MHz"     Info (12134): Parameter "phase_shift15" = "0 ps"     Info (12134): Parameter "duty_cycle15" = "50"     Info (12134): Parameter "output_clock_frequency16" = "0 MHz"     Info (12134): Parameter "phase_shift16" = "0 ps"     Info (12134): Parameter "duty_cycle16" = "50"     Info (12134): Parameter "output_clock_frequency17" = "0 MHz"     Info (12134): Parameter "phase_shift17" = "0 ps"     Info (12134): Parameter "duty_cycle17" = "50"     Info (12134): Parameter "pll_type" = "General"     Info (12134): Parameter "pll_subtype" = "General" Info (281010): Generating sgate simulator netlist using Simgen SIMGEN_PROGRESS Start of Model generation -- 0% complete SIMGEN_PROGRESS Phase 1 : Internal Objects created -- 25% complete SIMGEN_PROGRESS Phase 2 : Connections between internal objects made -- 60% complete SIMGEN_PROGRESS Phase 3 : Netlist generated -- 100% complete Info: Quartus Prime Analysis & Synthesis was successful. 0 errors, 1 warning     Info: Peak virtual memory: 4774 megabytes     Info: Processing ended: Sat Feb 13 19:53:49 2021     Info: Elapsed time: 00:00:09     Info: Total CPU time (on all processors): 00:00:01 Info (23030): Evaluation of Tcl script run_simgen_cmd.tcl was successful Info: Quartus Prime Shell was successful. 0 errors, 0 warnings     Info: Peak virtual memory: 4646 megabytes     Info: Processing ended: Sat Feb 13 19:53:49 2021     Info: Elapsed time: 00:00:09     Info: Total CPU time (on all processors): 00:00:01
Info: video_pll: Simgen was successful
Info: video_pll: "VGA_PLL" instantiated altera_pll "video_pll"
Info: reset_from_locked: "VGA_PLL" instantiated altera_up_avalon_reset_from_locked_signal "reset_from_locked"
Info: Pixel_Buffer_avalon_pixel_dma_master_translator: "mm_interconnect_0" instantiated altera_merlin_master_translator "Pixel_Buffer_avalon_pixel_dma_master_translator"
Info: SRAM_avalon_sram_slave_translator: "mm_interconnect_0" instantiated altera_merlin_slave_translator "SRAM_avalon_sram_slave_translator"
Info: Pixel_Buffer_avalon_pixel_dma_master_agent: "mm_interconnect_0" instantiated altera_merlin_master_agent "Pixel_Buffer_avalon_pixel_dma_master_agent"
Info: SRAM_avalon_sram_slave_agent: "mm_interconnect_0" instantiated altera_merlin_slave_agent "SRAM_avalon_sram_slave_agent"
Info: SRAM_avalon_sram_slave_agent_rsp_fifo: "mm_interconnect_0" instantiated altera_avalon_sc_fifo "SRAM_avalon_sram_slave_agent_rsp_fifo"
Info: router: "mm_interconnect_0" instantiated altera_merlin_router "router"
Info: router_001: "mm_interconnect_0" instantiated altera_merlin_router "router_001"
Info: router_002: "mm_interconnect_0" instantiated altera_merlin_router "router_002"
Info: router_003: "mm_interconnect_0" instantiated altera_merlin_router "router_003"
Info: router_004: "mm_interconnect_0" instantiated altera_merlin_router "router_004"
Info: router_005: "mm_interconnect_0" instantiated altera_merlin_router "router_005"
Info: router_009: "mm_interconnect_0" instantiated altera_merlin_router "router_009"
Info: NiosII_data_master_limiter: "mm_interconnect_0" instantiated altera_merlin_traffic_limiter "NiosII_data_master_limiter"
Info: Reusing file E:/LearningC++/Harmonic_Injection/Harmonic-Injection/Three_Phase_Power_Analyzer/NiosII_Controlled_Section/simulation/submodules/altera_avalon_sc_fifo.v
Info: SRAM_avalon_sram_slave_burst_adapter: "mm_interconnect_0" instantiated altera_merlin_burst_adapter "SRAM_avalon_sram_slave_burst_adapter"
Info: Reusing file E:/LearningC++/Harmonic_Injection/Harmonic-Injection/Three_Phase_Power_Analyzer/NiosII_Controlled_Section/simulation/submodules/altera_avalon_st_pipeline_base.v
Info: cmd_demux: "mm_interconnect_0" instantiated altera_merlin_demultiplexer "cmd_demux"
Info: cmd_demux_001: "mm_interconnect_0" instantiated altera_merlin_demultiplexer "cmd_demux_001"
Info: cmd_demux_002: "mm_interconnect_0" instantiated altera_merlin_demultiplexer "cmd_demux_002"
Info: cmd_mux: "mm_interconnect_0" instantiated altera_merlin_multiplexer "cmd_mux"
Info: cmd_mux_001: "mm_interconnect_0" instantiated altera_merlin_multiplexer "cmd_mux_001"
Info: Reusing file E:/LearningC++/Harmonic_Injection/Harmonic-Injection/Three_Phase_Power_Analyzer/NiosII_Controlled_Section/simulation/submodules/altera_merlin_arbitrator.sv
Info: rsp_demux: "mm_interconnect_0" instantiated altera_merlin_demultiplexer "rsp_demux"
Info: rsp_mux: "mm_interconnect_0" instantiated altera_merlin_multiplexer "rsp_mux"
Info: Reusing file E:/LearningC++/Harmonic_Injection/Harmonic-Injection/Three_Phase_Power_Analyzer/NiosII_Controlled_Section/simulation/submodules/altera_merlin_arbitrator.sv
Info: rsp_mux_001: "mm_interconnect_0" instantiated altera_merlin_multiplexer "rsp_mux_001"
Info: Reusing file E:/LearningC++/Harmonic_Injection/Harmonic-Injection/Three_Phase_Power_Analyzer/NiosII_Controlled_Section/simulation/submodules/altera_merlin_arbitrator.sv
Info: rsp_mux_002: "mm_interconnect_0" instantiated altera_merlin_multiplexer "rsp_mux_002"
Info: Reusing file E:/LearningC++/Harmonic_Injection/Harmonic-Injection/Three_Phase_Power_Analyzer/NiosII_Controlled_Section/simulation/submodules/altera_merlin_arbitrator.sv
Info: SRAM_avalon_sram_slave_rsp_width_adapter: "mm_interconnect_0" instantiated altera_merlin_width_adapter "SRAM_avalon_sram_slave_rsp_width_adapter"
Info: Reusing file E:/LearningC++/Harmonic_Injection/Harmonic-Injection/Three_Phase_Power_Analyzer/NiosII_Controlled_Section/simulation/submodules/altera_merlin_address_alignment.sv
Info: Reusing file E:/LearningC++/Harmonic_Injection/Harmonic-Injection/Three_Phase_Power_Analyzer/NiosII_Controlled_Section/simulation/submodules/altera_merlin_burst_uncompressor.sv
Info: avalon_st_adapter: "mm_interconnect_0" instantiated altera_avalon_st_adapter "avalon_st_adapter"
Info: avalon_st_adapter_001: "mm_interconnect_0" instantiated altera_avalon_st_adapter "avalon_st_adapter_001"
Info: avalon_st_adapter_002: "mm_interconnect_0" instantiated altera_avalon_st_adapter "avalon_st_adapter_002"
Info: error_adapter_0: "avalon_st_adapter" instantiated error_adapter "error_adapter_0"
Info: error_adapter_0: "avalon_st_adapter_001" instantiated error_adapter "error_adapter_0"
Info: error_adapter_0: "avalon_st_adapter_002" instantiated error_adapter "error_adapter_0"
Info: NiosII_Controlled_Section: Done "NiosII_Controlled_Section" with 53 modules, 100 files
Info: qsys-generate succeeded.
Info: Finished: Create simulation model
Info: Starting: Create Modelsim Project.
Info: sim-script-gen --spd=E:\LearningC++\Harmonic_Injection\Harmonic-Injection\Three_Phase_Power_Analyzer\NiosII_Controlled_Section\NiosII_Controlled_Section.spd --output-directory=E:/LearningC++/Harmonic_Injection/Harmonic-Injection/Three_Phase_Power_Analyzer/NiosII_Controlled_Section/simulation/ --use-relative-paths=true
Info: Doing: ip-make-simscript --spd=E:\LearningC++\Harmonic_Injection\Harmonic-Injection\Three_Phase_Power_Analyzer\NiosII_Controlled_Section\NiosII_Controlled_Section.spd --output-directory=E:/LearningC++/Harmonic_Injection/Harmonic-Injection/Three_Phase_Power_Analyzer/NiosII_Controlled_Section/simulation/ --use-relative-paths=true
Info: Generating the following file(s) for MODELSIM simulator in E:/LearningC++/Harmonic_Injection/Harmonic-Injection/Three_Phase_Power_Analyzer/NiosII_Controlled_Section/simulation/ directory:
Info: 	mentor/msim_setup.tcl
Info: Generating the following file(s) for VCS simulator in E:/LearningC++/Harmonic_Injection/Harmonic-Injection/Three_Phase_Power_Analyzer/NiosII_Controlled_Section/simulation/ directory:
Info: 	synopsys/vcs/vcs_setup.sh
Info: Generating the following file(s) for VCSMX simulator in E:/LearningC++/Harmonic_Injection/Harmonic-Injection/Three_Phase_Power_Analyzer/NiosII_Controlled_Section/simulation/ directory:
Info: 	synopsys/vcsmx/synopsys_sim.setup
Info: 	synopsys/vcsmx/vcsmx_setup.sh
Info: Generating the following file(s) for NCSIM simulator in E:/LearningC++/Harmonic_Injection/Harmonic-Injection/Three_Phase_Power_Analyzer/NiosII_Controlled_Section/simulation/ directory:
Info: 	cadence/cds.lib
Info: 	cadence/hdl.var
Info: 	cadence/ncsim_setup.sh
Info: 	50 .cds.lib files in cadence/cds_libs/ directory
Info: Generating the following file(s) for RIVIERA simulator in E:/LearningC++/Harmonic_Injection/Harmonic-Injection/Three_Phase_Power_Analyzer/NiosII_Controlled_Section/simulation/ directory:
Info: 	aldec/rivierapro_setup.tcl
Info: For information on how to simulate your IP, see the explanatory comments in the simulator-specific subdirectories under E:/LearningC++/Harmonic_Injection/Harmonic-Injection/Three_Phase_Power_Analyzer/NiosII_Controlled_Section/simulation/.
Info: Regenerate these scripts whenever you make any change to any Quartus-generated IP in your project.
Info: Finished: Create Modelsim Project.
Info: Starting: Create block symbol file (.bsf)
Info: qsys-generate E:\LearningC++\Harmonic_Injection\Harmonic-Injection\Three_Phase_Power_Analyzer\NiosII_Controlled_Section.qsys --block-symbol-file --output-directory=E:\LearningC++\Harmonic_Injection\Harmonic-Injection\Three_Phase_Power_Analyzer\NiosII_Controlled_Section --family="Cyclone V" --part=5CSEMA5F31C6
Progress: Loading Three_Phase_Power_Analyzer/NiosII_Controlled_Section.qsys
Progress: Reading input file
Progress: Adding Alpha_Blender [altera_up_avalon_video_alpha_blender 18.0]
Progress: Parameterizing module Alpha_Blender
Progress: Adding Channel1_Analog [altera_avalon_pio 18.0]
Progress: Parameterizing module Channel1_Analog
Progress: Adding Channel2_Analog [altera_avalon_pio 18.0]
Progress: Parameterizing module Channel2_Analog
Progress: Adding Channel3_Analog [altera_avalon_pio 18.0]
Progress: Parameterizing module Channel3_Analog
Progress: Adding Channel4_Analog [altera_avalon_pio 18.0]
Progress: Parameterizing module Channel4_Analog
Progress: Adding Channel5_Analog [altera_avalon_pio 18.0]
Progress: Parameterizing module Channel5_Analog
Progress: Adding Channel6_Analog [altera_avalon_pio 18.0]
Progress: Parameterizing module Channel6_Analog
Progress: Adding Character_Buffer [altera_up_avalon_video_character_buffer_with_dma 18.0]
Progress: Parameterizing module Character_Buffer
Progress: Adding FIFO [altera_up_avalon_video_dual_clock_buffer 18.0]
Progress: Parameterizing module FIFO
Progress: Adding JTAG [altera_avalon_jtag_uart 18.0]
Progress: Parameterizing module JTAG
Progress: Adding NiosII [altera_nios2_gen2 18.0]
Progress: Parameterizing module NiosII
Progress: Adding OnChip_Memory [altera_avalon_onchip_memory2 18.0]
Progress: Parameterizing module OnChip_Memory
Progress: Adding Pixel_Buffer [altera_up_avalon_video_pixel_buffer_dma 18.0]
Progress: Parameterizing module Pixel_Buffer
Progress: Adding RGB_Resampler [altera_up_avalon_video_rgb_resampler 18.0]
Progress: Parameterizing module RGB_Resampler
Progress: Adding Read_Address [altera_avalon_pio 18.0]
Progress: Parameterizing module Read_Address
Progress: Adding Read_New_Sample [altera_avalon_pio 18.0]
Progress: Parameterizing module Read_New_Sample
Progress: Adding SRAM [altera_up_avalon_sram 18.0]
Progress: Parameterizing module SRAM
Progress: Adding System_ID [altera_avalon_sysid_qsys 18.0]
Progress: Parameterizing module System_ID
Progress: Adding Timer [altera_avalon_timer 18.0]
Progress: Parameterizing module Timer
Progress: Adding VGA_Controller [altera_up_avalon_video_vga_controller 18.0]
Progress: Parameterizing module VGA_Controller
Progress: Adding VGA_PLL [altera_up_avalon_video_pll 18.0]
Progress: Parameterizing module VGA_PLL
Progress: Adding Writing_Finish_Flag [altera_avalon_pio 18.0]
Progress: Parameterizing module Writing_Finish_Flag
Progress: Adding clk_0 [clock_source 18.0]
Progress: Parameterizing module clk_0
Progress: Building connections
Progress: Parameterizing connections
Progress: Validating
Progress: Done reading input file
Info: NiosII_Controlled_Section.Channel1_Analog: PIO inputs are not hardwired in test bench. Undefined values will be read from PIO inputs during simulation.
Info: NiosII_Controlled_Section.Channel2_Analog: PIO inputs are not hardwired in test bench. Undefined values will be read from PIO inputs during simulation.
Info: NiosII_Controlled_Section.Channel3_Analog: PIO inputs are not hardwired in test bench. Undefined values will be read from PIO inputs during simulation.
Info: NiosII_Controlled_Section.Channel4_Analog: PIO inputs are not hardwired in test bench. Undefined values will be read from PIO inputs during simulation.
Info: NiosII_Controlled_Section.Channel5_Analog: PIO inputs are not hardwired in test bench. Undefined values will be read from PIO inputs during simulation.
Info: NiosII_Controlled_Section.Channel6_Analog: PIO inputs are not hardwired in test bench. Undefined values will be read from PIO inputs during simulation.
Info: NiosII_Controlled_Section.Character_Buffer: Character Resolution: 80 x 60
Info: NiosII_Controlled_Section.JTAG: JTAG UART IP input clock need to be at least double (2x) the operating frequency of JTAG TCK on board
Info: NiosII_Controlled_Section.RGB_Resampler: RGB Resampling: 8 (bits) x 3 (planes) -> 10 (bits) x 3 (planes)
Info: NiosII_Controlled_Section.Read_New_Sample: PIO inputs are not hardwired in test bench. Undefined values will be read from PIO inputs during simulation.
Info: NiosII_Controlled_Section.System_ID: System ID is not assigned automatically. Edit the System ID parameter to provide a unique ID
Info: NiosII_Controlled_Section.System_ID: Time stamp will be automatically updated when this component is generated.
Info: NiosII_Controlled_Section.VGA_Controller: Video Output Stream: Format: 640 x 480 with Color: 10 (bits) x 3 (planes) converted to 8 (bits) per color plane
Info: NiosII_Controlled_Section.Writing_Finish_Flag: PIO inputs are not hardwired in test bench. Undefined values will be read from PIO inputs during simulation.
Warning: NiosII_Controlled_Section.RGB_Resampler: RGB_Resampler.avalon_rgb_slave must be connected to an Avalon-MM master
Info: qsys-generate succeeded.
Info: Finished: Create block symbol file (.bsf)
Info: 
Info: Starting: Create HDL design files for synthesis
Info: qsys-generate E:\LearningC++\Harmonic_Injection\Harmonic-Injection\Three_Phase_Power_Analyzer\NiosII_Controlled_Section.qsys --synthesis=VERILOG --output-directory=E:\LearningC++\Harmonic_Injection\Harmonic-Injection\Three_Phase_Power_Analyzer\NiosII_Controlled_Section\synthesis --family="Cyclone V" --part=5CSEMA5F31C6
Progress: Loading Three_Phase_Power_Analyzer/NiosII_Controlled_Section.qsys
Progress: Reading input file
Progress: Adding Alpha_Blender [altera_up_avalon_video_alpha_blender 18.0]
Progress: Parameterizing module Alpha_Blender
Progress: Adding Channel1_Analog [altera_avalon_pio 18.0]
Progress: Parameterizing module Channel1_Analog
Progress: Adding Channel2_Analog [altera_avalon_pio 18.0]
Progress: Parameterizing module Channel2_Analog
Progress: Adding Channel3_Analog [altera_avalon_pio 18.0]
Progress: Parameterizing module Channel3_Analog
Progress: Adding Channel4_Analog [altera_avalon_pio 18.0]
Progress: Parameterizing module Channel4_Analog
Progress: Adding Channel5_Analog [altera_avalon_pio 18.0]
Progress: Parameterizing module Channel5_Analog
Progress: Adding Channel6_Analog [altera_avalon_pio 18.0]
Progress: Parameterizing module Channel6_Analog
Progress: Adding Character_Buffer [altera_up_avalon_video_character_buffer_with_dma 18.0]
Progress: Parameterizing module Character_Buffer
Progress: Adding FIFO [altera_up_avalon_video_dual_clock_buffer 18.0]
Progress: Parameterizing module FIFO
Progress: Adding JTAG [altera_avalon_jtag_uart 18.0]
Progress: Parameterizing module JTAG
Progress: Adding NiosII [altera_nios2_gen2 18.0]
Progress: Parameterizing module NiosII
Progress: Adding OnChip_Memory [altera_avalon_onchip_memory2 18.0]
Progress: Parameterizing module OnChip_Memory
Progress: Adding Pixel_Buffer [altera_up_avalon_video_pixel_buffer_dma 18.0]
Progress: Parameterizing module Pixel_Buffer
Progress: Adding RGB_Resampler [altera_up_avalon_video_rgb_resampler 18.0]
Progress: Parameterizing module RGB_Resampler
Progress: Adding Read_Address [altera_avalon_pio 18.0]
Progress: Parameterizing module Read_Address
Progress: Adding Read_New_Sample [altera_avalon_pio 18.0]
Progress: Parameterizing module Read_New_Sample
Progress: Adding SRAM [altera_up_avalon_sram 18.0]
Progress: Parameterizing module SRAM
Progress: Adding System_ID [altera_avalon_sysid_qsys 18.0]
Progress: Parameterizing module System_ID
Progress: Adding Timer [altera_avalon_timer 18.0]
Progress: Parameterizing module Timer
Progress: Adding VGA_Controller [altera_up_avalon_video_vga_controller 18.0]
Progress: Parameterizing module VGA_Controller
Progress: Adding VGA_PLL [altera_up_avalon_video_pll 18.0]
Progress: Parameterizing module VGA_PLL
Progress: Adding Writing_Finish_Flag [altera_avalon_pio 18.0]
Progress: Parameterizing module Writing_Finish_Flag
Progress: Adding clk_0 [clock_source 18.0]
Progress: Parameterizing module clk_0
Progress: Building connections
Progress: Parameterizing connections
Progress: Validating
Progress: Done reading input file
Info: NiosII_Controlled_Section.Channel1_Analog: PIO inputs are not hardwired in test bench. Undefined values will be read from PIO inputs during simulation.
Info: NiosII_Controlled_Section.Channel2_Analog: PIO inputs are not hardwired in test bench. Undefined values will be read from PIO inputs during simulation.
Info: NiosII_Controlled_Section.Channel3_Analog: PIO inputs are not hardwired in test bench. Undefined values will be read from PIO inputs during simulation.
Info: NiosII_Controlled_Section.Channel4_Analog: PIO inputs are not hardwired in test bench. Undefined values will be read from PIO inputs during simulation.
Info: NiosII_Controlled_Section.Channel5_Analog: PIO inputs are not hardwired in test bench. Undefined values will be read from PIO inputs during simulation.
Info: NiosII_Controlled_Section.Channel6_Analog: PIO inputs are not hardwired in test bench. Undefined values will be read from PIO inputs during simulation.
Info: NiosII_Controlled_Section.Character_Buffer: Character Resolution: 80 x 60
Info: NiosII_Controlled_Section.JTAG: JTAG UART IP input clock need to be at least double (2x) the operating frequency of JTAG TCK on board
Info: NiosII_Controlled_Section.RGB_Resampler: RGB Resampling: 8 (bits) x 3 (planes) -> 10 (bits) x 3 (planes)
Info: NiosII_Controlled_Section.Read_New_Sample: PIO inputs are not hardwired in test bench. Undefined values will be read from PIO inputs during simulation.
Info: NiosII_Controlled_Section.System_ID: System ID is not assigned automatically. Edit the System ID parameter to provide a unique ID
Info: NiosII_Controlled_Section.System_ID: Time stamp will be automatically updated when this component is generated.
Info: NiosII_Controlled_Section.VGA_Controller: Video Output Stream: Format: 640 x 480 with Color: 10 (bits) x 3 (planes) converted to 8 (bits) per color plane
Info: NiosII_Controlled_Section.Writing_Finish_Flag: PIO inputs are not hardwired in test bench. Undefined values will be read from PIO inputs during simulation.
Warning: NiosII_Controlled_Section.RGB_Resampler: RGB_Resampler.avalon_rgb_slave must be connected to an Avalon-MM master
Info: NiosII_Controlled_Section: Generating NiosII_Controlled_Section "NiosII_Controlled_Section" for QUARTUS_SYNTH
Info: Alpha_Blender: Starting Generation of the Alpha Blender
Info: Alpha_Blender: "NiosII_Controlled_Section" instantiated altera_up_avalon_video_alpha_blender "Alpha_Blender"
Info: Channel1_Analog: Starting RTL generation for module 'NiosII_Controlled_Section_Channel1_Analog'
Info: Channel1_Analog:   Generation command is [exec F:/quartus_18/quartus/bin64/perl/bin/perl.exe -I F:/quartus_18/quartus/bin64/perl/lib -I F:/quartus_18/quartus/sopc_builder/bin/europa -I F:/quartus_18/quartus/sopc_builder/bin/perl_lib -I F:/quartus_18/quartus/sopc_builder/bin -I F:/quartus_18/quartus/../ip/altera/sopc_builder_ip/common -I F:/quartus_18/quartus/../ip/altera/sopc_builder_ip/altera_avalon_pio -- F:/quartus_18/quartus/../ip/altera/sopc_builder_ip/altera_avalon_pio/generate_rtl.pl --name=NiosII_Controlled_Section_Channel1_Analog --dir=C:/Users/aaala/AppData/Local/Temp/alt8671_3673200126157808783.dir/0050_Channel1_Analog_gen/ --quartus_dir=F:/quartus_18/quartus --verilog --config=C:/Users/aaala/AppData/Local/Temp/alt8671_3673200126157808783.dir/0050_Channel1_Analog_gen//NiosII_Controlled_Section_Channel1_Analog_component_configuration.pl  --do_build_sim=0  ]
Info: Channel1_Analog: Done RTL generation for module 'NiosII_Controlled_Section_Channel1_Analog'
Info: Channel1_Analog: "NiosII_Controlled_Section" instantiated altera_avalon_pio "Channel1_Analog"
Info: Character_Buffer: Starting Generation of Character Buffer
Info: Character_Buffer: "NiosII_Controlled_Section" instantiated altera_up_avalon_video_character_buffer_with_dma "Character_Buffer"
Info: FIFO: Starting Generation of the Dual Clock Buffer
Info: FIFO: "NiosII_Controlled_Section" instantiated altera_up_avalon_video_dual_clock_buffer "FIFO"
Info: JTAG: Starting RTL generation for module 'NiosII_Controlled_Section_JTAG'
Info: JTAG:   Generation command is [exec F:/quartus_18/quartus/bin64/perl/bin/perl.exe -I F:/quartus_18/quartus/bin64/perl/lib -I F:/quartus_18/quartus/sopc_builder/bin/europa -I F:/quartus_18/quartus/sopc_builder/bin/perl_lib -I F:/quartus_18/quartus/sopc_builder/bin -I F:/quartus_18/quartus/../ip/altera/sopc_builder_ip/common -I F:/quartus_18/quartus/../ip/altera/sopc_builder_ip/altera_avalon_jtag_uart -- F:/quartus_18/quartus/../ip/altera/sopc_builder_ip/altera_avalon_jtag_uart/generate_rtl.pl --name=NiosII_Controlled_Section_JTAG --dir=C:/Users/aaala/AppData/Local/Temp/alt8671_3673200126157808783.dir/0053_JTAG_gen/ --quartus_dir=F:/quartus_18/quartus --verilog --config=C:/Users/aaala/AppData/Local/Temp/alt8671_3673200126157808783.dir/0053_JTAG_gen//NiosII_Controlled_Section_JTAG_component_configuration.pl  --do_build_sim=0  ]
Info: JTAG: Done RTL generation for module 'NiosII_Controlled_Section_JTAG'
Info: JTAG: "NiosII_Controlled_Section" instantiated altera_avalon_jtag_uart "JTAG"
Info: NiosII: "NiosII_Controlled_Section" instantiated altera_nios2_gen2 "NiosII"
Info: OnChip_Memory: Starting RTL generation for module 'NiosII_Controlled_Section_OnChip_Memory'
Info: OnChip_Memory:   Generation command is [exec F:/quartus_18/quartus/bin64/perl/bin/perl.exe -I F:/quartus_18/quartus/bin64/perl/lib -I F:/quartus_18/quartus/sopc_builder/bin/europa -I F:/quartus_18/quartus/sopc_builder/bin/perl_lib -I F:/quartus_18/quartus/sopc_builder/bin -I F:/quartus_18/quartus/../ip/altera/sopc_builder_ip/common -I F:/quartus_18/quartus/../ip/altera/sopc_builder_ip/altera_avalon_onchip_memory2 -- F:/quartus_18/quartus/../ip/altera/sopc_builder_ip/altera_avalon_onchip_memory2/generate_rtl.pl --name=NiosII_Controlled_Section_OnChip_Memory --dir=C:/Users/aaala/AppData/Local/Temp/alt8671_3673200126157808783.dir/0054_OnChip_Memory_gen/ --quartus_dir=F:/quartus_18/quartus --verilog --config=C:/Users/aaala/AppData/Local/Temp/alt8671_3673200126157808783.dir/0054_OnChip_Memory_gen//NiosII_Controlled_Section_OnChip_Memory_component_configuration.pl  --do_build_sim=0  ]
Info: OnChip_Memory: Done RTL generation for module 'NiosII_Controlled_Section_OnChip_Memory'
Info: OnChip_Memory: "NiosII_Controlled_Section" instantiated altera_avalon_onchip_memory2 "OnChip_Memory"
Info: Pixel_Buffer: Starting Generation of VGA Pixel Buffer
Info: Pixel_Buffer: "NiosII_Controlled_Section" instantiated altera_up_avalon_video_pixel_buffer_dma "Pixel_Buffer"
Info: RGB_Resampler: Starting Generation of Video RGB Resampler
Info: RGB_Resampler: "NiosII_Controlled_Section" instantiated altera_up_avalon_video_rgb_resampler "RGB_Resampler"
Info: Read_Address: Starting RTL generation for module 'NiosII_Controlled_Section_Read_Address'
Info: Read_Address:   Generation command is [exec F:/quartus_18/quartus/bin64/perl/bin/perl.exe -I F:/quartus_18/quartus/bin64/perl/lib -I F:/quartus_18/quartus/sopc_builder/bin/europa -I F:/quartus_18/quartus/sopc_builder/bin/perl_lib -I F:/quartus_18/quartus/sopc_builder/bin -I F:/quartus_18/quartus/../ip/altera/sopc_builder_ip/common -I F:/quartus_18/quartus/../ip/altera/sopc_builder_ip/altera_avalon_pio -- F:/quartus_18/quartus/../ip/altera/sopc_builder_ip/altera_avalon_pio/generate_rtl.pl --name=NiosII_Controlled_Section_Read_Address --dir=C:/Users/aaala/AppData/Local/Temp/alt8671_3673200126157808783.dir/0057_Read_Address_gen/ --quartus_dir=F:/quartus_18/quartus --verilog --config=C:/Users/aaala/AppData/Local/Temp/alt8671_3673200126157808783.dir/0057_Read_Address_gen//NiosII_Controlled_Section_Read_Address_component_configuration.pl  --do_build_sim=0  ]
Info: Read_Address: Done RTL generation for module 'NiosII_Controlled_Section_Read_Address'
Info: Read_Address: "NiosII_Controlled_Section" instantiated altera_avalon_pio "Read_Address"
Info: Read_New_Sample: Starting RTL generation for module 'NiosII_Controlled_Section_Read_New_Sample'
Info: Read_New_Sample:   Generation command is [exec F:/quartus_18/quartus/bin64/perl/bin/perl.exe -I F:/quartus_18/quartus/bin64/perl/lib -I F:/quartus_18/quartus/sopc_builder/bin/europa -I F:/quartus_18/quartus/sopc_builder/bin/perl_lib -I F:/quartus_18/quartus/sopc_builder/bin -I F:/quartus_18/quartus/../ip/altera/sopc_builder_ip/common -I F:/quartus_18/quartus/../ip/altera/sopc_builder_ip/altera_avalon_pio -- F:/quartus_18/quartus/../ip/altera/sopc_builder_ip/altera_avalon_pio/generate_rtl.pl --name=NiosII_Controlled_Section_Read_New_Sample --dir=C:/Users/aaala/AppData/Local/Temp/alt8671_3673200126157808783.dir/0058_Read_New_Sample_gen/ --quartus_dir=F:/quartus_18/quartus --verilog --config=C:/Users/aaala/AppData/Local/Temp/alt8671_3673200126157808783.dir/0058_Read_New_Sample_gen//NiosII_Controlled_Section_Read_New_Sample_component_configuration.pl  --do_build_sim=0  ]
Info: Read_New_Sample: Done RTL generation for module 'NiosII_Controlled_Section_Read_New_Sample'
Info: Read_New_Sample: "NiosII_Controlled_Section" instantiated altera_avalon_pio "Read_New_Sample"
Info: SRAM: Starting Generation of the SRAM Controller
Info: SRAM: "NiosII_Controlled_Section" instantiated altera_up_avalon_sram "SRAM"
Info: System_ID: "NiosII_Controlled_Section" instantiated altera_avalon_sysid_qsys "System_ID"
Info: Timer: Starting RTL generation for module 'NiosII_Controlled_Section_Timer'
Info: Timer:   Generation command is [exec F:/Quartus_18/quartus/bin64//perl/bin/perl.exe -I F:/Quartus_18/quartus/bin64//perl/lib -I F:/quartus_18/quartus/sopc_builder/bin/europa -I F:/quartus_18/quartus/sopc_builder/bin/perl_lib -I F:/quartus_18/quartus/sopc_builder/bin -I F:/quartus_18/quartus/../ip/altera/sopc_builder_ip/common -I F:/quartus_18/quartus/../ip/altera/sopc_builder_ip/altera_avalon_timer -- F:/quartus_18/quartus/../ip/altera/sopc_builder_ip/altera_avalon_timer/generate_rtl.pl --name=NiosII_Controlled_Section_Timer --dir=C:/Users/aaala/AppData/Local/Temp/alt8671_3673200126157808783.dir/0061_Timer_gen/ --quartus_dir=F:/quartus_18/quartus --verilog --config=C:/Users/aaala/AppData/Local/Temp/alt8671_3673200126157808783.dir/0061_Timer_gen//NiosII_Controlled_Section_Timer_component_configuration.pl  --do_build_sim=0  ]
Info: Timer: Done RTL generation for module 'NiosII_Controlled_Section_Timer'
Info: Timer: "NiosII_Controlled_Section" instantiated altera_avalon_timer "Timer"
Info: VGA_Controller: Starting Generation of VGA Controller
Info: VGA_Controller: "NiosII_Controlled_Section" instantiated altera_up_avalon_video_vga_controller "VGA_Controller"
Info: VGA_PLL: "NiosII_Controlled_Section" instantiated altera_up_avalon_video_pll "VGA_PLL"
Info: avalon_st_adapter: Inserting error_adapter: error_adapter_0
Info: avalon_st_adapter_001: Inserting error_adapter: error_adapter_0
Info: avalon_st_adapter_002: Inserting error_adapter: error_adapter_0
Info: avalon_st_adapter_003: Inserting error_adapter: error_adapter_0
Info: avalon_st_adapter_004: Inserting error_adapter: error_adapter_0
Info: avalon_st_adapter_005: Inserting error_adapter: error_adapter_0
Info: avalon_st_adapter_006: Inserting error_adapter: error_adapter_0
Info: avalon_st_adapter_007: Inserting error_adapter: error_adapter_0
Info: avalon_st_adapter_008: Inserting error_adapter: error_adapter_0
Info: avalon_st_adapter_009: Inserting error_adapter: error_adapter_0
Info: avalon_st_adapter_010: Inserting error_adapter: error_adapter_0
Info: avalon_st_adapter_011: Inserting error_adapter: error_adapter_0
Info: avalon_st_adapter_012: Inserting error_adapter: error_adapter_0
Info: avalon_st_adapter_013: Inserting error_adapter: error_adapter_0
Info: avalon_st_adapter_014: Inserting error_adapter: error_adapter_0
Info: avalon_st_adapter_015: Inserting error_adapter: error_adapter_0
Info: avalon_st_adapter_016: Inserting error_adapter: error_adapter_0
Info: avalon_st_adapter_017: Inserting error_adapter: error_adapter_0
Info: mm_interconnect_0: "NiosII_Controlled_Section" instantiated altera_mm_interconnect "mm_interconnect_0"
Info: irq_mapper: "NiosII_Controlled_Section" instantiated altera_irq_mapper "irq_mapper"
Info: rst_controller: "NiosII_Controlled_Section" instantiated altera_reset_controller "rst_controller"
Info: cpu: Starting RTL generation for module 'NiosII_Controlled_Section_NiosII_cpu'
Info: cpu:   Generation command is [exec F:/Quartus_18/quartus/bin64//eperlcmd.exe -I F:/Quartus_18/quartus/bin64//perl/lib -I F:/quartus_18/quartus/sopc_builder/bin/europa -I F:/quartus_18/quartus/sopc_builder/bin/perl_lib -I F:/quartus_18/quartus/sopc_builder/bin -I F:/quartus_18/quartus/../ip/altera/nios2_ip/altera_nios2_gen2/cpu_lib -I F:/quartus_18/quartus/../ip/altera/nios2_ip/altera_nios2_gen2/nios_lib -I F:/quartus_18/quartus/../ip/altera/nios2_ip/altera_nios2_gen2 -I F:/quartus_18/quartus/../ip/altera/nios2_ip/altera_nios2_gen2 -- F:/quartus_18/quartus/../ip/altera/nios2_ip/altera_nios2_gen2/generate_rtl.epl --name=NiosII_Controlled_Section_NiosII_cpu --dir=C:/Users/aaala/AppData/Local/Temp/alt8671_3673200126157808783.dir/0065_cpu_gen/ --quartus_bindir=F:/Quartus_18/quartus/bin64/ --verilog --config=C:/Users/aaala/AppData/Local/Temp/alt8671_3673200126157808783.dir/0065_cpu_gen//NiosII_Controlled_Section_NiosII_cpu_processor_configuration.pl  --do_build_sim=0  ]
Info: cpu: # 2021.02.13 19:54:12 (*) Starting Nios II generation
Info: cpu: # 2021.02.13 19:54:12 (*)   Checking for plaintext license.
Info: cpu: # 2021.02.13 19:54:12 (*)   Couldn't query license setup in Quartus directory F:/Quartus_18/quartus/bin64/
Info: cpu: # 2021.02.13 19:54:12 (*)   Defaulting to contents of LM_LICENSE_FILE environment variable
Info: cpu: # 2021.02.13 19:54:12 (*)   LM_LICENSE_FILE environment variable is empty
Info: cpu: # 2021.02.13 19:54:12 (*)   Plaintext license not found.
Info: cpu: # 2021.02.13 19:54:12 (*)   Checking for encrypted license (non-evaluation).
Info: cpu: # 2021.02.13 19:54:13 (*)   Couldn't query license setup in Quartus directory F:/Quartus_18/quartus/bin64/
Info: cpu: # 2021.02.13 19:54:13 (*)   Defaulting to contents of LM_LICENSE_FILE environment variable
Info: cpu: # 2021.02.13 19:54:13 (*)   LM_LICENSE_FILE environment variable is empty
Info: cpu: # 2021.02.13 19:54:13 (*)   Encrypted license not found.  Defaulting to OCP evaluation license (produces a time-limited SOF)
Info: cpu: # 2021.02.13 19:54:13 (*)   Elaborating CPU configuration settings
Info: cpu: # 2021.02.13 19:54:13 (*)   Creating all objects for CPU
Info: cpu: # 2021.02.13 19:54:13 (*)     Testbench
Info: cpu: # 2021.02.13 19:54:13 (*)     Instruction decoding
Info: cpu: # 2021.02.13 19:54:13 (*)       Instruction fields
Info: cpu: # 2021.02.13 19:54:13 (*)       Instruction decodes
Info: cpu: # 2021.02.13 19:54:13 (*)       Signals for RTL simulation waveforms
Info: cpu: # 2021.02.13 19:54:13 (*)       Instruction controls
Info: cpu: # 2021.02.13 19:54:13 (*)     Pipeline frontend
Info: cpu: # 2021.02.13 19:54:14 (*)     Pipeline backend
Info: cpu: # 2021.02.13 19:54:15 (*)   Generating RTL from CPU objects
Info: cpu: # 2021.02.13 19:54:17 (*)   Creating encrypted RTL
Info: cpu: # 2021.02.13 19:54:18 (*) Done Nios II generation
Info: cpu: Done RTL generation for module 'NiosII_Controlled_Section_NiosII_cpu'
Info: cpu: "NiosII" instantiated altera_nios2_gen2_unit "cpu"
Info: video_pll: "VGA_PLL" instantiated altera_pll "video_pll"
Info: reset_from_locked: "VGA_PLL" instantiated altera_up_avalon_reset_from_locked_signal "reset_from_locked"
Info: Pixel_Buffer_avalon_pixel_dma_master_translator: "mm_interconnect_0" instantiated altera_merlin_master_translator "Pixel_Buffer_avalon_pixel_dma_master_translator"
Info: SRAM_avalon_sram_slave_translator: "mm_interconnect_0" instantiated altera_merlin_slave_translator "SRAM_avalon_sram_slave_translator"
Info: Pixel_Buffer_avalon_pixel_dma_master_agent: "mm_interconnect_0" instantiated altera_merlin_master_agent "Pixel_Buffer_avalon_pixel_dma_master_agent"
Info: SRAM_avalon_sram_slave_agent: "mm_interconnect_0" instantiated altera_merlin_slave_agent "SRAM_avalon_sram_slave_agent"
Info: SRAM_avalon_sram_slave_agent_rsp_fifo: "mm_interconnect_0" instantiated altera_avalon_sc_fifo "SRAM_avalon_sram_slave_agent_rsp_fifo"
Info: router: "mm_interconnect_0" instantiated altera_merlin_router "router"
Info: router_001: "mm_interconnect_0" instantiated altera_merlin_router "router_001"
Info: router_002: "mm_interconnect_0" instantiated altera_merlin_router "router_002"
Info: router_003: "mm_interconnect_0" instantiated altera_merlin_router "router_003"
Info: router_004: "mm_interconnect_0" instantiated altera_merlin_router "router_004"
Info: router_005: "mm_interconnect_0" instantiated altera_merlin_router "router_005"
Info: router_009: "mm_interconnect_0" instantiated altera_merlin_router "router_009"
Info: NiosII_data_master_limiter: "mm_interconnect_0" instantiated altera_merlin_traffic_limiter "NiosII_data_master_limiter"
Info: Reusing file E:/LearningC++/Harmonic_Injection/Harmonic-Injection/Three_Phase_Power_Analyzer/NiosII_Controlled_Section/synthesis/submodules/altera_avalon_sc_fifo.v
Info: SRAM_avalon_sram_slave_burst_adapter: "mm_interconnect_0" instantiated altera_merlin_burst_adapter "SRAM_avalon_sram_slave_burst_adapter"
Info: Reusing file E:/LearningC++/Harmonic_Injection/Harmonic-Injection/Three_Phase_Power_Analyzer/NiosII_Controlled_Section/synthesis/submodules/altera_avalon_st_pipeline_base.v
Info: cmd_demux: "mm_interconnect_0" instantiated altera_merlin_demultiplexer "cmd_demux"
Info: cmd_demux_001: "mm_interconnect_0" instantiated altera_merlin_demultiplexer "cmd_demux_001"
Info: cmd_demux_002: "mm_interconnect_0" instantiated altera_merlin_demultiplexer "cmd_demux_002"
Info: cmd_mux: "mm_interconnect_0" instantiated altera_merlin_multiplexer "cmd_mux"
Info: cmd_mux_001: "mm_interconnect_0" instantiated altera_merlin_multiplexer "cmd_mux_001"
Info: Reusing file E:/LearningC++/Harmonic_Injection/Harmonic-Injection/Three_Phase_Power_Analyzer/NiosII_Controlled_Section/synthesis/submodules/altera_merlin_arbitrator.sv
Info: rsp_demux: "mm_interconnect_0" instantiated altera_merlin_demultiplexer "rsp_demux"
Info: rsp_mux: "mm_interconnect_0" instantiated altera_merlin_multiplexer "rsp_mux"
Info: Reusing file E:/LearningC++/Harmonic_Injection/Harmonic-Injection/Three_Phase_Power_Analyzer/NiosII_Controlled_Section/synthesis/submodules/altera_merlin_arbitrator.sv
Info: rsp_mux_001: "mm_interconnect_0" instantiated altera_merlin_multiplexer "rsp_mux_001"
Info: Reusing file E:/LearningC++/Harmonic_Injection/Harmonic-Injection/Three_Phase_Power_Analyzer/NiosII_Controlled_Section/synthesis/submodules/altera_merlin_arbitrator.sv
Info: rsp_mux_002: "mm_interconnect_0" instantiated altera_merlin_multiplexer "rsp_mux_002"
Info: Reusing file E:/LearningC++/Harmonic_Injection/Harmonic-Injection/Three_Phase_Power_Analyzer/NiosII_Controlled_Section/synthesis/submodules/altera_merlin_arbitrator.sv
Info: SRAM_avalon_sram_slave_rsp_width_adapter: "mm_interconnect_0" instantiated altera_merlin_width_adapter "SRAM_avalon_sram_slave_rsp_width_adapter"
Info: Reusing file E:/LearningC++/Harmonic_Injection/Harmonic-Injection/Three_Phase_Power_Analyzer/NiosII_Controlled_Section/synthesis/submodules/altera_merlin_address_alignment.sv
Info: Reusing file E:/LearningC++/Harmonic_Injection/Harmonic-Injection/Three_Phase_Power_Analyzer/NiosII_Controlled_Section/synthesis/submodules/altera_merlin_burst_uncompressor.sv
Info: avalon_st_adapter: "mm_interconnect_0" instantiated altera_avalon_st_adapter "avalon_st_adapter"
Info: avalon_st_adapter_001: "mm_interconnect_0" instantiated altera_avalon_st_adapter "avalon_st_adapter_001"
Info: avalon_st_adapter_002: "mm_interconnect_0" instantiated altera_avalon_st_adapter "avalon_st_adapter_002"
Info: error_adapter_0: "avalon_st_adapter" instantiated error_adapter "error_adapter_0"
Info: error_adapter_0: "avalon_st_adapter_001" instantiated error_adapter "error_adapter_0"
Info: error_adapter_0: "avalon_st_adapter_002" instantiated error_adapter "error_adapter_0"
Info: NiosII_Controlled_Section: Done "NiosII_Controlled_Section" with 53 modules, 89 files
Info: qsys-generate succeeded.
Info: Finished: Create HDL design files for synthesis
